* installing *source* package 'MS2Tox' ...
** using staged installation
** R
** byte-compile and prepare package for lazy loading
Warning: replacing previous import 'lifecycle::last_warnings' by 'rlang::last_warnings' when loading 'pillar'
Warning: replacing previous import 'lifecycle::last_warnings' by 'rlang::last_warnings' when loading 'tibble'
Warning: replacing previous import 'dplyr::matches' by 'rcdk::matches' when loading 'MS2Tox'
Warning: replacing previous import 'lifecycle::last_warnings' by 'rlang::last_warnings' when loading 'hms'
Warning: replacing previous import 'rcdk::matches' by 'tidyselect::matches' when loading 'MS2Tox'
Warning: replacing previous import 'dplyr::slice' by 'xgboost::slice' when loading 'MS2Tox'
** help
*** installing help indices
** building package indices
** testing if installed package can be loaded from temporary location
*** arch - i386
Warning: replacing previous import 'lifecycle::last_warnings' by 'rlang::last_warnings' when loading 'pillar'
Warning: replacing previous import 'lifecycle::last_warnings' by 'rlang::last_warnings' when loading 'tibble'
Error: package or namespace load failed for 'MS2Tox':
 .onLoad failed in loadNamespace() for 'rJava', details:
  call: fun(libname, pkgname)
  error: No CurrentVersion entry in Software/JavaSoft registry! Try re-installing Java and make sure R and Java have matching architectures.
Error: loading failed
Execution halted
*** arch - x64
Warning: replacing previous import 'lifecycle::last_warnings' by 'rlang::last_warnings' when loading 'pillar'
Warning: replacing previous import 'lifecycle::last_warnings' by 'rlang::last_warnings' when loading 'tibble'
Warning: replacing previous import 'dplyr::matches' by 'rcdk::matches' when loading 'MS2Tox'
Warning: replacing previous import 'lifecycle::last_warnings' by 'rlang::last_warnings' when loading 'hms'
Warning: replacing previous import 'rcdk::matches' by 'tidyselect::matches' when loading 'MS2Tox'
Warning: replacing previous import 'dplyr::slice' by 'xgboost::slice' when loading 'MS2Tox'
ERROR: loading failed for 'i386'
* removing 'C:/Users/pipe0902/Kruvelab/ANNELI~2/IARTIC~1/FILEST~1/MS2Tox/MS2TOX~1.RCH/MS2Tox'
